<?xml version="1.0" encoding="UTF-8"?>
<testsuite xmlns:xsi="http://www.w3.org/2001/XMLSchema-instance" xsi:noNamespaceSchemaLocation="https://maven.apache.org/surefire/maven-surefire-plugin/xsd/surefire-test-report-3.0.xsd" version="3.0" name="edu.eci.arsw.testing.controller.OrderControllerTest" time="8.688" tests="3" errors="0" skipped="0" failures="0">
  <properties>
[...]
</properties>
  <testcase name="shouldRejectInvalidRequest" classname="edu.eci.arsw.testing.controller.OrderControllerTest" time="0.919">
    <system-out><![CDATA[19:19:28.348 [main] INFO org.springframework.test.context.support.AnnotationConfigContextLoaderUtils -- Could not detect default configuration classes for test class [edu.eci.arsw.testing.controller.OrderControllerTest]: OrderControllerTest does not declare any static, non-private, non-final, nested classes annotated with @Configuration.
19:19:28.719 [main] INFO org.springframework.boot.test.context.SpringBootTestContextBootstrapper -- Found @SpringBootConfiguration edu.eci.arsw.testing.TestingApplication for test class edu.eci.arsw.testing.controller.OrderControllerTest

  .   ____          _            __ _ _
 /\\ / ___'_ __ _ _(_)_ __  __ _ \ \ \ \
( ( )\___ | '_ | '_| | '_ \/ _` | \ \ \ \
 \\/  ___)| |_)| | | | | || (_| |  ) ) ) )
  '  |____| .__|_| |_|_| |_\__, | / / / /
 =========|_|==============|___/=/_/_/_/
 :: Spring Boot ::                (v3.2.0)

2026-07-15T19:19:29.579-05:00  INFO 27920 --- [testing] [           main] e.e.a.t.controller.OrderControllerTest   : Starting OrderControllerTest using Java 21.0.8 with PID 27920 (started by ASUS in E:\ARSW\Laboratorios\Lab09\lab09-Estrategia-Integral-Pruebas-Apps-Web-Microservicios--ARSW)
2026-07-15T19:19:29.582-05:00  INFO 27920 --- [testing] [           main] e.e.a.t.controller.OrderControllerTest   : No active profile set, falling back to 1 default profile: "default"
2026-07-15T19:19:35.111-05:00  INFO 27920 --- [testing] [           main] o.s.b.t.m.w.SpringBootMockServletContext : Initializing Spring TestDispatcherServlet ''
2026-07-15T19:19:35.115-05:00  INFO 27920 --- [testing] [           main] o.s.t.web.servlet.TestDispatcherServlet  : Initializing Servlet ''
2026-07-15T19:19:35.122-05:00  INFO 27920 --- [testing] [           main] o.s.t.web.servlet.TestDispatcherServlet  : Completed initialization in 4 ms
2026-07-15T19:19:35.189-05:00  INFO 27920 --- [testing] [           main] e.e.a.t.controller.OrderControllerTest   : Started OrderControllerTest in 6.281 seconds (process running for 8.635)
2026-07-15T19:19:36.084-05:00  WARN 27920 --- [testing] [           main] .w.s.m.s.DefaultHandlerExceptionResolver : Resolved [org.springframework.web.bind.MethodArgumentNotValidException: Validation failed for argument [0] in public edu.eci.arsw.testing.dto.OrderResponse edu.eci.arsw.testing.controller.OrderController.create(edu.eci.arsw.testing.dto.CreateOrderRequest) with 2 errors: [Field error in object 'createOrderRequest' on field 'total': rejected value [-10.0]; codes [Min.createOrderRequest.total,Min.total,Min.double,Min]; arguments [org.springframework.context.support.DefaultMessageSourceResolvable: codes [createOrderRequest.total,total]; arguments []; default message [total],1]; default message [must be greater than or equal to 1]] [Field error in object 'createOrderRequest' on field 'customerId': rejected value []; codes [NotBlank.createOrderRequest.customerId,NotBlank.customerId,NotBlank.java.lang.String,NotBlank]; arguments [org.springframework.context.support.DefaultMessageSourceResolvable: codes [createOrderRequest.customerId,customerId]; arguments []; default message [customerId]]; default message [must not be blank]] ]
]]></system-out>
    <system-err><![CDATA[WARNING: A Java agent has been loaded dynamically (C:\Users\ASUS\.m2\repository\net\bytebuddy\byte-buddy-agent\1.14.10\byte-buddy-agent-1.14.10.jar)
WARNING: If a serviceability tool is in use, please run with -XX:+EnableDynamicAgentLoading to hide this warning
WARNING: If a serviceability tool is not in use, please run with -Djdk.instrument.traceUsage for more information
WARNING: Dynamic loading of agents will be disallowed by default in a future release
]]></system-err>
  </testcase>
  <testcase name="shouldCreateOrder" classname="edu.eci.arsw.testing.controller.OrderControllerTest" time="0.351"/>
  <testcase name="shouldGetOrderById" classname="edu.eci.arsw.testing.controller.OrderControllerTest" time="0.068"/>
</testsuite>